checking for a BSD-compatible install... /usr/bin/install -c
checking whether build environment is sane... yes
checking for a thread-safe mkdir -p... /bin/mkdir -p
checking for gawk... no
checking for mawk... mawk
checking whether make sets $(MAKE)... yes
checking whether make supports nested variables... yes
checking whether UID '0' is supported by ustar format... yes
checking whether GID '0' is supported by ustar format... yes
checking how to create a ustar tar archive... gnutar
checking whether make supports nested variables... (cached) yes
checking whether make supports the include directive... yes (GNU style)
checking for gcc... gcc
checking whether the C compiler works... yes
checking for C compiler default output file name... a.out
checking for suffix of executables... 
checking whether we are cross compiling... no
checking for suffix of object files... o
checking whether we are using the GNU C compiler... yes
checking whether gcc accepts -g... yes
checking for gcc option to accept ISO C89... none needed
checking whether gcc understands -c and -o together... yes
checking dependency style of gcc... gcc3
checking how to run the C preprocessor... gcc -E
checking for grep that handles long lines and -e... /bin/grep
checking for egrep... /bin/grep -E
checking for ANSI C header files... yes
checking for sys/types.h... yes
checking for sys/stat.h... yes
checking for stdlib.h... yes
checking for string.h... yes
checking for memory.h... yes
checking for strings.h... yes
checking for inttypes.h... yes
checking for stdint.h... yes
checking for unistd.h... yes
checking minix/config.h usability... no
checking minix/config.h presence... no
checking for minix/config.h... no
checking whether it is safe to define __EXTENSIONS__... yes
checking build system type... x86_64-pc-linux-gnu
checking host system type... x86_64-pc-linux-gnu
checking for gcc... (cached) gcc
checking whether we are using the GNU C compiler... (cached) yes
checking whether gcc accepts -g... (cached) yes
checking for gcc option to accept ISO C89... (cached) none needed
checking whether gcc understands -c and -o together... (cached) yes
checking dependency style of gcc... (cached) gcc3
checking for g++... g++
checking whether we are using the GNU C++ compiler... yes
checking whether g++ accepts -g... yes
checking dependency style of g++... gcc3
checking how to run the C++ preprocessor... g++ -E
checking size of time_t... 8
checking whether time_t is signed... yes
checking for bison... bison -y
checking if bison is the parser generator... yes
checking for flex... flex
checking lex output file root... lex.yy
checking lex library... none needed
checking whether yytext is a pointer... no
checking if the lexer is flex... yes
checking whether g++ supports C++17 features with -std=c++17... yes
checking how to print strings... printf
checking for a sed that does not truncate output... /bin/sed
checking for fgrep... /bin/grep -F
checking for ld used by gcc... /usr/bin/ld
checking if the linker (/usr/bin/ld) is GNU ld... yes
checking for BSD- or MS-compatible name lister (nm)... /usr/bin/nm -B
checking the name lister (/usr/bin/nm -B) interface... BSD nm
checking whether ln -s works... yes
checking the maximum length of command line arguments... 1572864
checking how to convert x86_64-pc-linux-gnu file names to x86_64-pc-linux-gnu format... func_convert_file_noop
checking how to convert x86_64-pc-linux-gnu file names to toolchain format... func_convert_file_noop
checking for /usr/bin/ld option to reload object files... -r
checking for file... file
checking for objdump... objdump
checking how to recognize dependent libraries... pass_all
checking for dlltool... no
checking how to associate runtime and link libraries... printf %s\n
checking for ar... ar
checking for archiver @FILE support... @
checking for strip... strip
checking for ranlib... ranlib
checking command to parse /usr/bin/nm -B output from gcc object... ok
checking for sysroot... no
checking for a working dd... /bin/dd
checking how to truncate binary pipes... /bin/dd bs=4096 count=1
checking for mt... no
checking if : is a manifest tool... no
checking for dlfcn.h... yes
checking for objdir... .libs
checking if gcc supports -fno-rtti -fno-exceptions... no
checking for gcc option to produce PIC... -fPIC -DPIC
checking if gcc PIC flag -fPIC -DPIC works... yes
checking if gcc static flag -static works... yes
checking if gcc supports -c -o file.o... yes
checking if gcc supports -c -o file.o... (cached) yes
checking whether the gcc linker (/usr/bin/ld -m elf_x86_64) supports shared libraries... yes
checking whether -lc should be explicitly linked in... no
checking dynamic linker characteristics... GNU/Linux ld.so
checking how to hardcode library paths into programs... immediate
checking for shl_load... no
checking for shl_load in -ldld... no
checking for dlopen... no
checking for dlopen in -ldl... yes
checking whether a program can dlopen itself... yes
checking whether a statically linked program can dlopen itself... no
checking whether stripping libraries is possible... yes
checking if libtool supports shared libraries... yes
checking whether to build shared libraries... yes
checking whether to build static libraries... no
checking how to run the C++ preprocessor... g++ -E -std=c++17
checking for ld used by g++ -std=c++17... /usr/bin/ld -m elf_x86_64
checking if the linker (/usr/bin/ld -m elf_x86_64) is GNU ld... yes
checking whether the g++ -std=c++17 linker (/usr/bin/ld -m elf_x86_64) supports shared libraries... yes
checking for g++ -std=c++17 option to produce PIC... -fPIC -DPIC
checking if g++ -std=c++17 PIC flag -fPIC -DPIC works... yes
checking if g++ -std=c++17 static flag -static works... yes
checking if g++ -std=c++17 supports -c -o file.o... yes
checking if g++ -std=c++17 supports -c -o file.o... (cached) yes
checking whether the g++ -std=c++17 linker (/usr/bin/ld -m elf_x86_64) supports shared libraries... yes
checking dynamic linker characteristics... (cached) GNU/Linux ld.so
checking how to hardcode library paths into programs... immediate
checking whether -latomic is needed for __atomic builtins... no
checking for pthread_np.h... no
checking for 2-arg pthread_setname_np... yes
checking whether strerror_r is declared... yes
checking for strerror_r... yes
checking whether strerror_r returns char *... yes
checking for library with std::filesystem... none
checking for pkg-config... /usr/bin/pkg-config
checking pkg-config is at least version 0.9.0... yes
checking for grep that handles long lines and -e... (cached) /bin/grep
checking which Lua implementation to use... auto
checking for luajit >= 2.0.2... yes
checking lua.hpp usability... yes
checking lua.hpp presence... yes
checking for lua.hpp... yes
checking whether we will enable compiler security checks... yes
checking whether C++ compiler handles -Werror -Wunknown-warning-option... no
checking whether C++ compiler handles -pie... yes
checking whether C++ compiler handles -fstack-protector... yes
checking whether C++ compiler handles --param ssp-buffer-size=4... yes
checking whether C++ compiler handles -D_FORTIFY_SOURCE=2... yes
checking whether FORTIFY_SOURCE is supported... 2
checking for how to force completely read-only GOT table... -Wl,-z -Wl,relro -Wl,-z -Wl,now
checking for library containing inet_aton... none required
checking for library containing gethostbyname... none required
checking for library containing socket... none required
checking for library containing gethostent... none required
checking for recvmmsg... yes
checking for sendmmsg... yes
checking for accept4... yes
checking whether getifaddrs is declared... yes
checking whether struct tm is in sys/time.h or time.h... time.h
checking for tm_gmtoff in struct tm... 
checking for pkg-config... (cached) /usr/bin/pkg-config
checking pkg-config is at least version 0.9.0... yes
checking sys/mman.h usability... yes
checking sys/mman.h presence... yes
checking for sys/mman.h... yes
checking for mmap... yes
checking sys/random.h usability... yes
checking sys/random.h presence... yes
checking for sys/random.h... yes
checking whether we will be linking in libsodium... auto
checking for libsodium... yes
checking for crypto_box_easy_afternm... yes
checking for crypto_box_curve25519xchacha20poly1305_easy... yes
checking for randombytes_stir... yes
checking for sodium_memcmp... yes
checking for crypto_shorthash... yes
checking whether we will be linking in libdecaf... no
checking for pkg-config... /usr/bin/pkg-config
checking whether compiling and linking against OpenSSL's libcrypto works... yes
checking for RAND_bytes... yes
checking for RAND_pseudo_bytes... yes
checking for CRYPTO_memcmp... yes
checking for OPENSSL_init_crypto... yes
checking for EVP_MD_CTX_new... yes
checking for EVP_MD_CTX_free... yes
checking for RSA_get0_key... yes
checking whether EVP_PKEY_CTX_set1_scrypt_salt is declared... yes
checking /usr/include/openssl/ecdsa.h usability... yes
checking /usr/include/openssl/ecdsa.h presence... yes
checking for /usr/include/openssl/ecdsa.h... yes
checking whether NID_X9_62_prime256v1 is declared... yes
checking whether NID_secp384r1 is declared... yes
checking whether NID_ED25519 is declared... yes
checking whether NID_ED448 is declared... yes
checking whether to enable DNS over TLS support... no
checking whether to enable ipcipher support... auto
checking for ragel... ragel
checking for library containing clock_gettime... none required
checking for Boost headers version >= 1.42.0... yes
checking for Boost's header version... 1_74
checking for the toolset name used by Boost for g++ -std=c++17... gcc102 -gcc
checking boost/program_options.hpp usability... yes
checking boost/program_options.hpp presence... yes
checking for boost/program_options.hpp... yes
checking for the Boost program_options library... yes
checking whether to enable unit test building... no
checking whether to enable backend unit test building... no
checking whether to enable reproducible builds.... no
checking whether to enable fuzzing targets... no
checking whether to enable code coverage... no
checking whether user requires sqlite3... no
checking for a Python interpreter with version >= 3.6... python3
checking for python3... /usr/bin/python3
checking for python3 version... 3.9
checking for python3 platform... linux
checking for python3 script directory... ${prefix}/lib/python3.9/site-packages
checking for python3 extension module directory... ${exec_prefix}/lib/python3.9/site-packages
checking python3 module: venv... yes
checking for strcasestr... yes
checking for localtime_r... yes
checking for gmtime_r... yes
checking for recvmmsg... (cached) yes
checking for sched_setscheduler... yes
checking for getrandom... yes
checking for getentropy... yes
checking for arc4random... no
checking for arc4random_uniform... no
checking for arc4random_buf... no
checking for explicit_bzero... yes
checking for explicit_memset... no
checking for memset_s... no
checking whether to enable verbose logging... no
checking whether to enable PKCS11 support... no
checking whether to enable experimental GSS-TSIG support... no
checking for mysql_config... no
checking for MySQL library directory... 